NOTICE: pid::2447 2016-12-02 12:59:49     at Object.<anonymous> (/Users/wangxiaohua/wx/app/bootSrtap.js:123:7) UI Server已经启动：http://127.0.0.1:4000
NOTICE: pid::2465 2016-12-02 13:00:09     at Object.<anonymous> (/Users/wangxiaohua/wx/app/bootSrtap.js:123:7) UI Server已经启动：http://127.0.0.1:4000
NOTICE: pid::2465 2016-12-02 13:00:18     at Object.<anonymous> (/Users/wangxiaohua/wx/app/bootSrtap.js:97:11) { logid: 1480654818651335,  type: 'pv',  method: 'GET',  url: '/quiz',  userInfo: undefined }
NOTICE: pid::2465 2016-12-02 13:00:19     at Object.<anonymous> (/Users/wangxiaohua/wx/app/bootSrtap.js:97:11) { logid: 1480654819101779,  type: 'pv',  method: 'GET',  url: '/quiz/blank?code=011C01Yu0WEk6e1f8f0v0a9cYu0C01YI&state=true',  userInfo: undefined }
NOTICE: pid::2465 2016-12-02 13:00:19     at Query._callback (/Users/wangxiaohua/wx/app/models/user.js:34:17) { logid: 1480654819534190,  action: 'newAndSave',  user:    { openid: 'oRH_YwNepyMCTkNBRDv6EGPsfVXI',     headimgurl: 'http://wx.qlogo.cn/mmopen/PiajxSqBRaEIufOnUgVnFCy1iay4mhh6ZPuI6FXh691RUURrnBkDUzs0WicA3icrj0IV6WjIFH017Ia3ttg58VOpWQ/0',     unionid: 'oZxRys-VC2P-eoCRwxR7h4bwez9M',     nickname: '王晓桦',     c_time: '2016-12-02 13:00:19' },  sql: 'INSERT INTO TB_USER SET `openid` = \'oRH_YwNepyMCTkNBRDv6EGPsfVXI\', `headimgurl` = \'http://wx.qlogo.cn/mmopen/PiajxSqBRaEIufOnUgVnFCy1iay4mhh6ZPuI6FXh691RUURrnBkDUzs0WicA3icrj0IV6WjIFH017Ia3ttg58VOpWQ/0\', `unionid` = \'oZxRys-VC2P-eoCRwxR7h4bwez9M\', `nickname` = \'王晓桦\', `c_time` = \'2016-12-02 13:00:19\'' }
NOTICE: pid::2465 2016-12-02 13:00:19     at Object.<anonymous> (/Users/wangxiaohua/wx/app/bootSrtap.js:97:11) { logid: 1480654819558936,  type: 'pv',  method: 'GET',  url: '/quiz/portal',  userInfo: undefined }
NOTICE: pid::2465 2016-12-02 13:00:40     at Object.<anonymous> (/Users/wangxiaohua/wx/app/bootSrtap.js:97:11) { logid: 1480654840638522,  type: 'pv',  method: 'GET',  url: '/quiz/portal',  userInfo: undefined }
NOTICE: pid::2465 2016-12-02 13:00:48     at Object.<anonymous> (/Users/wangxiaohua/wx/app/bootSrtap.js:97:11) { logid: 1480654848527800,  type: 'pv',  method: 'GET',  url: '/quiz/v1/api/questions',  userInfo: undefined }
NOTICE: pid::2530 2016-12-02 13:01:56     at Object.<anonymous> (/Users/wangxiaohua/wx/app/bootSrtap.js:123:7) UI Server已经启动：http://127.0.0.1:4000
NOTICE: pid::2530 2016-12-02 13:02:13     at Object.<anonymous> (/Users/wangxiaohua/wx/app/bootSrtap.js:97:11) { logid: 1480654933904670,  type: 'pv',  method: 'GET',  url: '/quiz/portal',  userInfo: undefined }
NOTICE: pid::2530 2016-12-02 13:02:19     at Object.<anonymous> (/Users/wangxiaohua/wx/app/bootSrtap.js:97:11) { logid: 1480654939770741,  type: 'pv',  method: 'GET',  url: '/quiz/v1/api/questions',  userInfo: undefined }
NOTICE: pid::2530 2016-12-02 13:03:20     at Object.<anonymous> (/Users/wangxiaohua/wx/app/bootSrtap.js:97:11) { logid: 1480655000779916,  type: 'pv',  method: 'GET',  url: '/quiz/portal',  userInfo: undefined }
NOTICE: pid::2530 2016-12-02 13:03:22     at Object.<anonymous> (/Users/wangxiaohua/wx/app/bootSrtap.js:97:11) { logid: 1480655002665542,  type: 'pv',  method: 'GET',  url: '/quiz/v1/api/questions',  userInfo: undefined }
NOTICE: pid::2530 2016-12-02 13:13:29     at Object.<anonymous> (/Users/wangxiaohua/wx/app/bootSrtap.js:97:11) { logid: 1480655609984021,  type: 'pv',  method: 'GET',  url: '/quiz/portal',  userInfo: undefined }
NOTICE: pid::2530 2016-12-02 13:13:32     at Object.<anonymous> (/Users/wangxiaohua/wx/app/bootSrtap.js:97:11) { logid: 1480655612069940,  type: 'pv',  method: 'GET',  url: '/quiz/v1/api/questions',  userInfo: undefined }
NOTICE: pid::2530 2016-12-02 13:13:34     at Object.<anonymous> (/Users/wangxiaohua/wx/app/bootSrtap.js:97:11) { logid: 1480655614041154,  type: 'pv',  method: 'GET',  url: '/quiz/portal',  userInfo: undefined }
NOTICE: pid::2530 2016-12-02 13:13:35     at Object.<anonymous> (/Users/wangxiaohua/wx/app/bootSrtap.js:97:11) { logid: 1480655615683580,  type: 'pv',  method: 'GET',  url: '/quiz/v1/api/questions',  userInfo: undefined }
NOTICE: pid::2530 2016-12-02 13:13:37     at Object.<anonymous> (/Users/wangxiaohua/wx/app/bootSrtap.js:97:11) { logid: 1480655617006405,  type: 'pv',  method: 'GET',  url: '/quiz/portal',  userInfo: undefined }
NOTICE: pid::2530 2016-12-02 13:13:38     at Object.<anonymous> (/Users/wangxiaohua/wx/app/bootSrtap.js:97:11) { logid: 1480655618625244,  type: 'pv',  method: 'GET',  url: '/quiz/v1/api/questions',  userInfo: undefined }
NOTICE: pid::2530 2016-12-02 13:13:40     at Object.<anonymous> (/Users/wangxiaohua/wx/app/bootSrtap.js:97:11) { logid: 1480655620724019,  type: 'pv',  method: 'GET',  url: '/quiz/portal',  userInfo: undefined }
NOTICE: pid::2530 2016-12-02 13:13:42     at Object.<anonymous> (/Users/wangxiaohua/wx/app/bootSrtap.js:97:11) { logid: 1480655622401966,  type: 'pv',  method: 'GET',  url: '/quiz/v1/api/questions',  userInfo: undefined }
NOTICE: pid::2530 2016-12-02 13:13:44     at Object.<anonymous> (/Users/wangxiaohua/wx/app/bootSrtap.js:97:11) { logid: 1480655624656453,  type: 'pv',  method: 'GET',  url: '/quiz/portal',  userInfo: undefined }
NOTICE: pid::2530 2016-12-02 13:13:49     at Object.<anonymous> (/Users/wangxiaohua/wx/app/bootSrtap.js:97:11) { logid: 1480655626117262,  type: 'pv',  method: 'GET',  url: '/quiz/v1/api/questions',  userInfo: undefined }
NOTICE: pid::2530 2016-12-02 13:13:50     at Object.<anonymous> (/Users/wangxiaohua/wx/app/bootSrtap.js:97:11) { logid: 1480655630967621,  type: 'pv',  method: 'GET',  url: '/quiz/portal',  userInfo: undefined }
NOTICE: pid::2530 2016-12-02 13:13:52     at Object.<anonymous> (/Users/wangxiaohua/wx/app/bootSrtap.js:97:11) { logid: 1480655632468672,  type: 'pv',  method: 'GET',  url: '/quiz/v1/api/questions',  userInfo: undefined }
NOTICE: pid::2530 2016-12-02 13:13:54     at Object.<anonymous> (/Users/wangxiaohua/wx/app/bootSrtap.js:97:11) { logid: 1480655634618605,  type: 'pv',  method: 'GET',  url: '/quiz/portal',  userInfo: undefined }
NOTICE: pid::2530 2016-12-02 13:13:56     at Object.<anonymous> (/Users/wangxiaohua/wx/app/bootSrtap.js:97:11) { logid: 1480655636175214,  type: 'pv',  method: 'GET',  url: '/quiz/v1/api/questions',  userInfo: undefined }
NOTICE: pid::2530 2016-12-02 13:13:58     at Object.<anonymous> (/Users/wangxiaohua/wx/app/bootSrtap.js:97:11) { logid: 1480655638621498,  type: 'pv',  method: 'GET',  url: '/quiz/portal',  userInfo: undefined }
NOTICE: pid::2530 2016-12-02 13:14:00     at Object.<anonymous> (/Users/wangxiaohua/wx/app/bootSrtap.js:97:11) { logid: 1480655640181944,  type: 'pv',  method: 'GET',  url: '/quiz/v1/api/questions',  userInfo: undefined }
NOTICE: pid::2530 2016-12-02 13:19:17     at Object.<anonymous> (/Users/wangxiaohua/wx/app/bootSrtap.js:97:11) { logid: 1480655957152566,  type: 'pv',  method: 'GET',  url: '/quiz/portal',  userInfo: undefined }
NOTICE: pid::2530 2016-12-02 13:19:19     at Object.<anonymous> (/Users/wangxiaohua/wx/app/bootSrtap.js:97:11) { logid: 1480655959333765,  type: 'pv',  method: 'GET',  url: '/quiz/v1/api/questions',  userInfo: undefined }
NOTICE: pid::2530 2016-12-02 13:36:02     at Object.<anonymous> (/Users/wangxiaohua/wx/app/bootSrtap.js:97:11) { logid: 1480656962100173,  type: 'pv',  method: 'GET',  url: '/',  userInfo: undefined }
NOTICE: pid::2530 2016-12-02 13:36:02     at Object.<anonymous> (/Users/wangxiaohua/wx/app/bootSrtap.js:97:11) { logid: 1480656962160580,  type: 'pv',  method: 'GET',  url: '/img/404.png',  userInfo: undefined }
NOTICE: pid::2530 2016-12-02 13:46:31     at Object.<anonymous> (/Users/wangxiaohua/wx/app/bootSrtap.js:97:11) { logid: 1480657591179109,  type: 'pv',  method: 'GET',  url: '/',  userInfo: undefined }
NOTICE: pid::2530 2016-12-02 13:46:31     at Object.<anonymous> (/Users/wangxiaohua/wx/app/bootSrtap.js:97:11) { logid: 1480657591225719,  type: 'pv',  method: 'GET',  url: '/img/404.png',  userInfo: undefined }
NOTICE: pid::2530 2016-12-02 13:46:31     at Object.<anonymous> (/Users/wangxiaohua/wx/app/bootSrtap.js:97:11) { logid: 1480657591289673,  type: 'pv',  method: 'GET',  url: '/quiz/portal',  userInfo: undefined }
NOTICE: pid::2530 2016-12-02 13:46:34     at Object.<anonymous> (/Users/wangxiaohua/wx/app/bootSrtap.js:97:11) { logid: 1480657594651869,  type: 'pv',  method: 'GET',  url: '/quiz/v1/api/questions',  userInfo: undefined }
NOTICE: pid::2530 2016-12-02 13:50:03     at Object.<anonymous> (/Users/wangxiaohua/wx/app/bootSrtap.js:97:11) { logid: 1480657803936266,  type: 'pv',  method: 'GET',  url: '/',  userInfo: undefined }
NOTICE: pid::2530 2016-12-02 13:50:03     at Object.<anonymous> (/Users/wangxiaohua/wx/app/bootSrtap.js:97:11) { logid: 1480657803976292,  type: 'pv',  method: 'GET',  url: '/img/404.png',  userInfo: undefined }
NOTICE: pid::2530 2016-12-02 13:50:04     at Object.<anonymous> (/Users/wangxiaohua/wx/app/bootSrtap.js:97:11) { logid: 1480657804077321,  type: 'pv',  method: 'GET',  url: '/quiz/portal',  userInfo: undefined }
NOTICE: pid::2530 2016-12-02 13:50:07     at Object.<anonymous> (/Users/wangxiaohua/wx/app/bootSrtap.js:97:11) { logid: 1480657807249974,  type: 'pv',  method: 'GET',  url: '/quiz/v1/api/questions',  userInfo: undefined }
NOTICE: pid::2601 2016-12-02 13:50:48     at Object.<anonymous> (/Users/wangxiaohua/wx/app/bootSrtap.js:123:7) UI Server已经启动：http://127.0.0.1:4000
NOTICE: pid::2601 2016-12-02 13:50:48     at Object.<anonymous> (/Users/wangxiaohua/wx/app/bootSrtap.js:97:11) { logid: 1480657848428911,  type: 'pv',  method: 'GET',  url: '/',  userInfo: undefined }
NOTICE: pid::2601 2016-12-02 13:50:48     at Object.<anonymous> (/Users/wangxiaohua/wx/app/bootSrtap.js:97:11) { logid: 1480657848568495,  type: 'pv',  method: 'GET',  url: '/img/404.png',  userInfo: undefined }
NOTICE: pid::2601 2016-12-02 13:50:52     at Object.<anonymous> (/Users/wangxiaohua/wx/app/bootSrtap.js:97:11) { logid: 1480657852549721,  type: 'pv',  method: 'GET',  url: '/quiz/portal',  userInfo: undefined }
NOTICE: pid::2601 2016-12-02 13:50:55     at Object.<anonymous> (/Users/wangxiaohua/wx/app/bootSrtap.js:97:11) { logid: 1480657855067745,  type: 'pv',  method: 'GET',  url: '/quiz/v1/api/questions',  userInfo: undefined }
NOTICE: pid::2601 2016-12-02 13:51:14     at Object.<anonymous> (/Users/wangxiaohua/wx/app/bootSrtap.js:97:11) { logid: 1480657874900517,  type: 'pv',  method: 'GET',  url: '/',  userInfo: undefined }
NOTICE: pid::2601 2016-12-02 13:51:14     at Object.<anonymous> (/Users/wangxiaohua/wx/app/bootSrtap.js:97:11) { logid: 1480657874986064,  type: 'pv',  method: 'GET',  url: '/img/404.png',  userInfo: undefined }
NOTICE: pid::2601 2016-12-02 13:51:16     at Object.<anonymous> (/Users/wangxiaohua/wx/app/bootSrtap.js:97:11) { logid: 1480657876019258,  type: 'pv',  method: 'GET',  url: '/quiz/portal',  userInfo: undefined }
NOTICE: pid::2601 2016-12-02 13:51:18     at Object.<anonymous> (/Users/wangxiaohua/wx/app/bootSrtap.js:97:11) { logid: 1480657878082582,  type: 'pv',  method: 'GET',  url: '/quiz/v1/api/questions',  userInfo: undefined }
NOTICE: pid::2601 2016-12-02 13:56:57     at Object.<anonymous> (/Users/wangxiaohua/wx/app/bootSrtap.js:97:11) { logid: 1480658217213474,  type: 'pv',  method: 'GET',  url: '/quiz/portal',  userInfo: undefined }
NOTICE: pid::2601 2016-12-02 13:56:58     at Object.<anonymous> (/Users/wangxiaohua/wx/app/bootSrtap.js:97:11) { logid: 1480658218965393,  type: 'pv',  method: 'GET',  url: '/quiz/v1/api/questions',  userInfo: undefined }
NOTICE: pid::2601 2016-12-02 13:57:44     at Object.<anonymous> (/Users/wangxiaohua/wx/app/bootSrtap.js:97:11) { logid: 1480658264406022,  type: 'pv',  method: 'GET',  url: '/quiz/portal',  userInfo: undefined }
NOTICE: pid::2601 2016-12-02 13:57:46     at Object.<anonymous> (/Users/wangxiaohua/wx/app/bootSrtap.js:97:11) { logid: 1480658266134476,  type: 'pv',  method: 'GET',  url: '/quiz/v1/api/questions',  userInfo: undefined }
NOTICE: pid::2601 2016-12-02 14:00:41     at Object.<anonymous> (/Users/wangxiaohua/wx/app/bootSrtap.js:97:11) { logid: 1480658441408100,  type: 'pv',  method: 'POST',  url: '/quiz/v1/api/corrections',  userInfo: undefined }
NOTICE: pid::2601 2016-12-02 14:00:41     at /Users/wangxiaohua/wx/app/models/correction.js:40:17 { logid: 1480658441425193,  action: 'newAndSave',  question: { userid: '', qsid: 9, c_time: '2016-12-02 14:00:41' },  sql: 'INSERT INTO TB_CORRECTION_ITEM SET `userid` = \'\', `qsid` = 9, `c_time` = \'2016-12-02 14:00:41\'' }
NOTICE: pid::2601 2016-12-02 14:00:41     at /Users/wangxiaohua/wx/app/models/correction.js:40:17 { logid: 1480658441427445,  action: 'newAndSave',  question: { userid: '', qsid: 191, c_time: '2016-12-02 14:00:41' },  sql: 'INSERT INTO TB_CORRECTION_ITEM SET `userid` = \'\', `qsid` = 191, `c_time` = \'2016-12-02 14:00:41\'' }
NOTICE: pid::2601 2016-12-02 14:00:41     at /Users/wangxiaohua/wx/app/models/correction.js:40:17 { logid: 1480658441429338,  action: 'newAndSave',  question: { userid: '', qsid: 183, c_time: '2016-12-02 14:00:41' },  sql: 'INSERT INTO TB_CORRECTION_ITEM SET `userid` = \'\', `qsid` = 183, `c_time` = \'2016-12-02 14:00:41\'' }
NOTICE: pid::2601 2016-12-02 14:00:41     at /Users/wangxiaohua/wx/app/models/correction.js:40:17 { logid: 1480658441431448,  action: 'newAndSave',  question: { userid: '', qsid: 183, c_time: '2016-12-02 14:00:41' },  sql: 'INSERT INTO TB_CORRECTION_ITEM SET `userid` = \'\', `qsid` = 183, `c_time` = \'2016-12-02 14:00:41\'' }
NOTICE: pid::2601 2016-12-02 14:00:41     at /Users/wangxiaohua/wx/app/models/correction.js:40:17 { logid: 1480658441432799,  action: 'newAndSave',  question: { userid: '', qsid: 183, c_time: '2016-12-02 14:00:41' },  sql: 'INSERT INTO TB_CORRECTION_ITEM SET `userid` = \'\', `qsid` = 183, `c_time` = \'2016-12-02 14:00:41\'' }
NOTICE: pid::2601 2016-12-02 14:00:41     at /Users/wangxiaohua/wx/app/models/correction.js:40:17 { logid: 1480658441433448,  action: 'newAndSave',  question: { userid: '', qsid: 183, c_time: '2016-12-02 14:00:41' },  sql: 'INSERT INTO TB_CORRECTION_ITEM SET `userid` = \'\', `qsid` = 183, `c_time` = \'2016-12-02 14:00:41\'' }
NOTICE: pid::2601 2016-12-02 14:00:41     at /Users/wangxiaohua/wx/app/models/correction.js:40:17 { logid: 1480658441434930,  action: 'newAndSave',  question: { userid: '', qsid: 183, c_time: '2016-12-02 14:00:41' },  sql: 'INSERT INTO TB_CORRECTION_ITEM SET `userid` = \'\', `qsid` = 183, `c_time` = \'2016-12-02 14:00:41\'' }
NOTICE: pid::2601 2016-12-02 14:00:41     at /Users/wangxiaohua/wx/app/models/correction.js:40:17 { logid: 1480658441435372,  action: 'newAndSave',  question: { userid: '', qsid: 183, c_time: '2016-12-02 14:00:41' },  sql: 'INSERT INTO TB_CORRECTION_ITEM SET `userid` = \'\', `qsid` = 183, `c_time` = \'2016-12-02 14:00:41\'' }
NOTICE: pid::2601 2016-12-02 14:00:41     at /Users/wangxiaohua/wx/app/models/correction.js:40:17 { logid: 1480658441437958,  action: 'newAndSave',  question: { userid: '', qsid: 183, c_time: '2016-12-02 14:00:41' },  sql: 'INSERT INTO TB_CORRECTION_ITEM SET `userid` = \'\', `qsid` = 183, `c_time` = \'2016-12-02 14:00:41\'' }
NOTICE: pid::2601 2016-12-02 14:00:41     at /Users/wangxiaohua/wx/app/models/correction.js:40:17 { logid: 1480658441457215,  action: 'newAndSave',  question: { userid: '', qsid: 183, c_time: '2016-12-02 14:00:41' },  sql: 'INSERT INTO TB_CORRECTION_ITEM SET `userid` = \'\', `qsid` = 183, `c_time` = \'2016-12-02 14:00:41\'' }
NOTICE: pid::2601 2016-12-02 14:00:41     at /Users/wangxiaohua/wx/app/models/correction.js:40:17 { logid: 1480658441459748,  action: 'newAndSave',  question: { userid: '', qsid: 183, c_time: '2016-12-02 14:00:41' },  sql: 'INSERT INTO TB_CORRECTION_ITEM SET `userid` = \'\', `qsid` = 183, `c_time` = \'2016-12-02 14:00:41\'' }
NOTICE: pid::2601 2016-12-02 14:00:41     at /Users/wangxiaohua/wx/app/models/correction.js:40:17 { logid: 1480658441460920,  action: 'newAndSave',  question: { userid: '', qsid: 183, c_time: '2016-12-02 14:00:41' },  sql: 'INSERT INTO TB_CORRECTION_ITEM SET `userid` = \'\', `qsid` = 183, `c_time` = \'2016-12-02 14:00:41\'' }
NOTICE: pid::2601 2016-12-02 14:00:41     at /Users/wangxiaohua/wx/app/models/correction.js:40:17 { logid: 1480658441462629,  action: 'newAndSave',  question: { userid: '', qsid: 183, c_time: '2016-12-02 14:00:41' },  sql: 'INSERT INTO TB_CORRECTION_ITEM SET `userid` = \'\', `qsid` = 183, `c_time` = \'2016-12-02 14:00:41\'' }
NOTICE: pid::2601 2016-12-02 14:00:41     at /Users/wangxiaohua/wx/app/models/correction.js:40:17 { logid: 1480658441464734,  action: 'newAndSave',  question: { userid: '', qsid: 11, c_time: '2016-12-02 14:00:41' },  sql: 'INSERT INTO TB_CORRECTION_ITEM SET `userid` = \'\', `qsid` = 11, `c_time` = \'2016-12-02 14:00:41\'' }
NOTICE: pid::2601 2016-12-02 14:00:41     at Object.<anonymous> (/Users/wangxiaohua/wx/app/bootSrtap.js:97:11) { logid: 1480658441585504,  type: 'pv',  method: 'POST',  url: '/quiz/v1/api/scores',  userInfo: undefined }
NOTICE: pid::2601 2016-12-02 14:00:41     at Query._callback (/Users/wangxiaohua/wx/app/models/score.js:36:17) { logid: 1480658441598186,  action: 'newAndSave',  score:    { userid: '',     expended_time: 175449,     right_count: 6,     c_time: '2016-12-02 14:00:41' },  sql: 'INSERT INTO TB_SCORE SET `userid` = \'\', `expended_time` = 175449, `right_count` = 6, `c_time` = \'2016-12-02 14:00:41\'' }
NOTICE: pid::2601 2016-12-02 14:00:41     at Object.<anonymous> (/Users/wangxiaohua/wx/app/bootSrtap.js:97:11) { logid: 1480658441640531,  type: 'pv',  method: 'GET',  url: '/quiz/v1/api/scores/undefined',  userInfo: undefined }
NOTICE: pid::2601 2016-12-02 14:00:43     at Object.<anonymous> (/Users/wangxiaohua/wx/app/bootSrtap.js:97:11) { logid: 1480658443847419,  type: 'pv',  method: 'GET',  url: '/quiz/v1/api/corrections/undefined',  userInfo: undefined }
NOTICE: pid::2601 2016-12-02 14:00:53     at Object.<anonymous> (/Users/wangxiaohua/wx/app/bootSrtap.js:97:11) { logid: 1480658453141782,  type: 'pv',  method: 'GET',  url: '/quiz/v1/api/corrections',  userInfo: undefined }
NOTICE: pid::2601 2016-12-02 14:00:59     at Object.<anonymous> (/Users/wangxiaohua/wx/app/bootSrtap.js:97:11) { logid: 1480658459409490,  type: 'pv',  method: 'GET',  url: '/quiz',  userInfo: undefined }
NOTICE: pid::2601 2016-12-02 14:01:05     at Object.<anonymous> (/Users/wangxiaohua/wx/app/bootSrtap.js:97:11) { logid: 1480658465998416,  type: 'pv',  method: 'GET',  url: '/quiz/blank?code=011MKBgc0PgLJv1Nq7ec0AZPgc0MKBgJ&state=true',  userInfo: undefined }
NOTICE: pid::2601 2016-12-02 14:01:06     at Query._callback (/Users/wangxiaohua/wx/app/models/user.js:34:17) { logid: 1480658466500573,  action: 'newAndSave',  user:    { openid: 'oRH_YwNepyMCTkNBRDv6EGPsfVXI',     headimgurl: 'http://wx.qlogo.cn/mmopen/PiajxSqBRaEIufOnUgVnFCy1iay4mhh6ZPuI6FXh691RUURrnBkDUzs0WicA3icrj0IV6WjIFH017Ia3ttg58VOpWQ/0',     unionid: 'oZxRys-VC2P-eoCRwxR7h4bwez9M',     nickname: '王晓桦',     c_time: '2016-12-02 14:01:06' },  sql: 'INSERT INTO TB_USER SET `openid` = \'oRH_YwNepyMCTkNBRDv6EGPsfVXI\', `headimgurl` = \'http://wx.qlogo.cn/mmopen/PiajxSqBRaEIufOnUgVnFCy1iay4mhh6ZPuI6FXh691RUURrnBkDUzs0WicA3icrj0IV6WjIFH017Ia3ttg58VOpWQ/0\', `unionid` = \'oZxRys-VC2P-eoCRwxR7h4bwez9M\', `nickname` = \'王晓桦\', `c_time` = \'2016-12-02 14:01:06\'' }
NOTICE: pid::2601 2016-12-02 14:01:06     at Object.<anonymous> (/Users/wangxiaohua/wx/app/bootSrtap.js:97:11) { logid: 1480658466535448,  type: 'pv',  method: 'GET',  url: '/quiz/portal',  userInfo: undefined }
NOTICE: pid::2601 2016-12-02 14:01:11     at Object.<anonymous> (/Users/wangxiaohua/wx/app/bootSrtap.js:97:11) { logid: 1480658471469292,  type: 'pv',  method: 'GET',  url: '/quiz/v1/api/questions',  userInfo: undefined }
NOTICE: pid::2601 2016-12-02 14:01:56     at Object.<anonymous> (/Users/wangxiaohua/wx/app/bootSrtap.js:97:11) { logid: 1480658516824668,  type: 'pv',  method: 'POST',  url: '/quiz/v1/api/corrections',  userInfo: undefined }
NOTICE: pid::2601 2016-12-02 14:01:56     at /Users/wangxiaohua/wx/app/models/correction.js:40:17 { logid: 1480658516860709,  action: 'newAndSave',  question:    { userid: 'oZxRys-VC2P-eoCRwxR7h4bwez9M',     qsid: 119,     c_time: '2016-12-02 14:01:56' },  sql: 'INSERT INTO TB_CORRECTION_ITEM SET `userid` = \'oZxRys-VC2P-eoCRwxR7h4bwez9M\', `qsid` = 119, `c_time` = \'2016-12-02 14:01:56\'' }
NOTICE: pid::2601 2016-12-02 14:01:56     at /Users/wangxiaohua/wx/app/models/correction.js:40:17 { logid: 1480658516861229,  action: 'newAndSave',  question:    { userid: 'oZxRys-VC2P-eoCRwxR7h4bwez9M',     qsid: 75,     c_time: '2016-12-02 14:01:56' },  sql: 'INSERT INTO TB_CORRECTION_ITEM SET `userid` = \'oZxRys-VC2P-eoCRwxR7h4bwez9M\', `qsid` = 75, `c_time` = \'2016-12-02 14:01:56\'' }
NOTICE: pid::2601 2016-12-02 14:01:56     at /Users/wangxiaohua/wx/app/models/correction.js:40:17 { logid: 1480658516862188,  action: 'newAndSave',  question:    { userid: 'oZxRys-VC2P-eoCRwxR7h4bwez9M',     qsid: 43,     c_time: '2016-12-02 14:01:56' },  sql: 'INSERT INTO TB_CORRECTION_ITEM SET `userid` = \'oZxRys-VC2P-eoCRwxR7h4bwez9M\', `qsid` = 43, `c_time` = \'2016-12-02 14:01:56\'' }
NOTICE: pid::2601 2016-12-02 14:01:56     at /Users/wangxiaohua/wx/app/models/correction.js:40:17 { logid: 1480658516864994,  action: 'newAndSave',  question:    { userid: 'oZxRys-VC2P-eoCRwxR7h4bwez9M',     qsid: 143,     c_time: '2016-12-02 14:01:56' },  sql: 'INSERT INTO TB_CORRECTION_ITEM SET `userid` = \'oZxRys-VC2P-eoCRwxR7h4bwez9M\', `qsid` = 143, `c_time` = \'2016-12-02 14:01:56\'' }
NOTICE: pid::2601 2016-12-02 14:01:56     at /Users/wangxiaohua/wx/app/models/correction.js:40:17 { logid: 1480658516865132,  action: 'newAndSave',  question:    { userid: 'oZxRys-VC2P-eoCRwxR7h4bwez9M',     qsid: 120,     c_time: '2016-12-02 14:01:56' },  sql: 'INSERT INTO TB_CORRECTION_ITEM SET `userid` = \'oZxRys-VC2P-eoCRwxR7h4bwez9M\', `qsid` = 120, `c_time` = \'2016-12-02 14:01:56\'' }
NOTICE: pid::2601 2016-12-02 14:01:56     at /Users/wangxiaohua/wx/app/models/correction.js:40:17 { logid: 1480658516865777,  action: 'newAndSave',  question:    { userid: 'oZxRys-VC2P-eoCRwxR7h4bwez9M',     qsid: 181,     c_time: '2016-12-02 14:01:56' },  sql: 'INSERT INTO TB_CORRECTION_ITEM SET `userid` = \'oZxRys-VC2P-eoCRwxR7h4bwez9M\', `qsid` = 181, `c_time` = \'2016-12-02 14:01:56\'' }
NOTICE: pid::2601 2016-12-02 14:01:56     at /Users/wangxiaohua/wx/app/models/correction.js:40:17 { logid: 1480658516866247,  action: 'newAndSave',  question:    { userid: 'oZxRys-VC2P-eoCRwxR7h4bwez9M',     qsid: 203,     c_time: '2016-12-02 14:01:56' },  sql: 'INSERT INTO TB_CORRECTION_ITEM SET `userid` = \'oZxRys-VC2P-eoCRwxR7h4bwez9M\', `qsid` = 203, `c_time` = \'2016-12-02 14:01:56\'' }
NOTICE: pid::2601 2016-12-02 14:01:56     at /Users/wangxiaohua/wx/app/models/correction.js:40:17 { logid: 1480658516868944,  action: 'newAndSave',  question:    { userid: 'oZxRys-VC2P-eoCRwxR7h4bwez9M',     qsid: 140,     c_time: '2016-12-02 14:01:56' },  sql: 'INSERT INTO TB_CORRECTION_ITEM SET `userid` = \'oZxRys-VC2P-eoCRwxR7h4bwez9M\', `qsid` = 140, `c_time` = \'2016-12-02 14:01:56\'' }
NOTICE: pid::2601 2016-12-02 14:01:56     at /Users/wangxiaohua/wx/app/models/correction.js:40:17 { logid: 1480658516869069,  action: 'newAndSave',  question:    { userid: 'oZxRys-VC2P-eoCRwxR7h4bwez9M',     qsid: 153,     c_time: '2016-12-02 14:01:56' },  sql: 'INSERT INTO TB_CORRECTION_ITEM SET `userid` = \'oZxRys-VC2P-eoCRwxR7h4bwez9M\', `qsid` = 153, `c_time` = \'2016-12-02 14:01:56\'' }
NOTICE: pid::2601 2016-12-02 14:01:56     at /Users/wangxiaohua/wx/app/models/correction.js:40:17 { logid: 1480658516870037,  action: 'newAndSave',  question:    { userid: 'oZxRys-VC2P-eoCRwxR7h4bwez9M',     qsid: 145,     c_time: '2016-12-02 14:01:56' },  sql: 'INSERT INTO TB_CORRECTION_ITEM SET `userid` = \'oZxRys-VC2P-eoCRwxR7h4bwez9M\', `qsid` = 145, `c_time` = \'2016-12-02 14:01:56\'' }
NOTICE: pid::2601 2016-12-02 14:01:56     at /Users/wangxiaohua/wx/app/models/correction.js:40:17 { logid: 1480658516871878,  action: 'newAndSave',  question:    { userid: 'oZxRys-VC2P-eoCRwxR7h4bwez9M',     qsid: 53,     c_time: '2016-12-02 14:01:56' },  sql: 'INSERT INTO TB_CORRECTION_ITEM SET `userid` = \'oZxRys-VC2P-eoCRwxR7h4bwez9M\', `qsid` = 53, `c_time` = \'2016-12-02 14:01:56\'' }
NOTICE: pid::2601 2016-12-02 14:01:56     at /Users/wangxiaohua/wx/app/models/correction.js:40:17 { logid: 1480658516873637,  action: 'newAndSave',  question:    { userid: 'oZxRys-VC2P-eoCRwxR7h4bwez9M',     qsid: 53,     c_time: '2016-12-02 14:01:56' },  sql: 'INSERT INTO TB_CORRECTION_ITEM SET `userid` = \'oZxRys-VC2P-eoCRwxR7h4bwez9M\', `qsid` = 53, `c_time` = \'2016-12-02 14:01:56\'' }
NOTICE: pid::2601 2016-12-02 14:01:56     at /Users/wangxiaohua/wx/app/models/correction.js:40:17 { logid: 1480658516874936,  action: 'newAndSave',  question:    { userid: 'oZxRys-VC2P-eoCRwxR7h4bwez9M',     qsid: 15,     c_time: '2016-12-02 14:01:56' },  sql: 'INSERT INTO TB_CORRECTION_ITEM SET `userid` = \'oZxRys-VC2P-eoCRwxR7h4bwez9M\', `qsid` = 15, `c_time` = \'2016-12-02 14:01:56\'' }
NOTICE: pid::2601 2016-12-02 14:01:56     at /Users/wangxiaohua/wx/app/models/correction.js:40:17 { logid: 1480658516875989,  action: 'newAndSave',  question:    { userid: 'oZxRys-VC2P-eoCRwxR7h4bwez9M',     qsid: 204,     c_time: '2016-12-02 14:01:56' },  sql: 'INSERT INTO TB_CORRECTION_ITEM SET `userid` = \'oZxRys-VC2P-eoCRwxR7h4bwez9M\', `qsid` = 204, `c_time` = \'2016-12-02 14:01:56\'' }
NOTICE: pid::2601 2016-12-02 14:01:57     at Object.<anonymous> (/Users/wangxiaohua/wx/app/bootSrtap.js:97:11) { logid: 1480658517052279,  type: 'pv',  method: 'POST',  url: '/quiz/v1/api/scores',  userInfo: undefined }
NOTICE: pid::2601 2016-12-02 14:01:57     at Query._callback (/Users/wangxiaohua/wx/app/models/score.js:36:17) { logid: 1480658517080968,  action: 'newAndSave',  score:    { userid: 'oZxRys-VC2P-eoCRwxR7h4bwez9M',     expended_time: 48925,     right_count: 6,     c_time: '2016-12-02 14:01:57' },  sql: 'INSERT INTO TB_SCORE SET `userid` = \'oZxRys-VC2P-eoCRwxR7h4bwez9M\', `expended_time` = 48925, `right_count` = 6, `c_time` = \'2016-12-02 14:01:57\'' }
NOTICE: pid::2601 2016-12-02 14:01:57     at Object.<anonymous> (/Users/wangxiaohua/wx/app/bootSrtap.js:97:11) { logid: 1480658517141988,  type: 'pv',  method: 'GET',  url: '/quiz/v1/api/scores/oZxRys-VC2P-eoCRwxR7h4bwez9M',  userInfo: undefined }
NOTICE: pid::2601 2016-12-02 14:01:59     at Object.<anonymous> (/Users/wangxiaohua/wx/app/bootSrtap.js:97:11) { logid: 1480658519254479,  type: 'pv',  method: 'GET',  url: '/quiz/v1/api/corrections/oZxRys-VC2P-eoCRwxR7h4bwez9M',  userInfo: undefined }
NOTICE: pid::2601 2016-12-02 14:02:58     at Object.<anonymous> (/Users/wangxiaohua/wx/app/bootSrtap.js:97:11) { logid: 1480658578714917,  type: 'pv',  method: 'GET',  url: '/',  userInfo: undefined }
NOTICE: pid::2601 2016-12-02 14:02:58     at Object.<anonymous> (/Users/wangxiaohua/wx/app/bootSrtap.js:97:11) { logid: 1480658578749108,  type: 'pv',  method: 'GET',  url: '/img/404.png',  userInfo: undefined }
